{
  "slot": 271,
  "data": {
    "coords": {
      "nx": "00",
      "ny": "00",
      "x": "00",
      "y": "00"
    },
    "initializer": "83vu98TvDWstyexssmc3FmyN2KCjbSQf6sVYcger6Rxg"
  }
}{
  "slot": 271,
  "data": {
    "coords": {
      "nx": "00",
      "ny": "00",
      "x": "00",
      "y": "01"
    },
    "initializer": "83vu98TvDWstyexssmc3FmyN2KCjbSQf6sVYcger6Rxg"
  }
}{
  "slot": 271,
  "data": {
    "coords": {
      "nx": "00",
      "ny": "00",
      "x": "00",
      "y": "02"
    },
    "initializer": "83vu98TvDWstyexssmc3FmyN2KCjbSQf6sVYcger6Rxg"
  }
}{
  "slot": 271,
  "data": {
    "coords": {
      "nx": "00",
      "ny": "00",
      "x": "01",
      "y": "00"
    },
    "initializer": "83vu98TvDWstyexssmc3FmyN2KCjbSQf6sVYcger6Rxg"
  }
}{
  "slot": 271,
  "data": {
    "coords": {
      "nx": "00",
      "ny": "00",
      "x": "02",
      "y": "00"
    },
    "initializer": "83vu98TvDWstyexssmc3FmyN2KCjbSQf6sVYcger6Rxg"
  }
}{
  "slot": 271,
  "data": {
    "coords": {
      "nx": "00",
      "ny": "00",
      "x": "01",
      "y": "01"
    },
    "initializer": "83vu98TvDWstyexssmc3FmyN2KCjbSQf6sVYcger6Rxg"
  }
}{
  "slot": 271,
  "data": {
    "coords": {
      "nx": "00",
      "ny": "00",
      "x": "01",
      "y": "02"
    },
    "initializer": "83vu98TvDWstyexssmc3FmyN2KCjbSQf6sVYcger6Rxg"
  }
}{
  "slot": 271,
  "data": {
    "coords": {
      "nx": "00",
      "ny": "00",
      "x": "02",
      "y": "02"
    },
    "initializer": "83vu98TvDWstyexssmc3FmyN2KCjbSQf6sVYcger6Rxg"
  }
}{
  "slot": 271,
  "data": {
    "coords": {
      "nx": "00",
      "ny": "00",
      "x": "02",
      "y": "01"
    },
    "initializer": "83vu98TvDWstyexssmc3FmyN2KCjbSQf6sVYcger6Rxg"
  }
}